# JRE version: OpenJDK Runtime Environment Microsoft-8035246 (17.0.8+7) (build 17.0.8+7-LTS)
# Java VM: OpenJDK 64-Bit Server VM Microsoft-8035246 (17.0.8+7-LTS, mixed mode, sharing, tiered, compressed oops, compressed class ptrs, g1 gc, windows-amd64)
GC Precious Log:
 CPUs: 8 total, 8 available
 Memory: 3992M
 Large Page Support: Disabled
 NUMA Support: Disabled
 Compressed Oops: Enabled (32-bit)
 Heap Region Size: 1M
 Heap Min Capacity: 8M
 Heap Initial Capacity: 64M
 Heap Max Capacity: 2G
 Pre-touch: Disabled
 Parallel Workers: 8
 Concurrent Workers: 2
 Concurrent Refinement Workers: 8
 Periodic GC: Disabled
Heap:
 garbage-first heap   total 312320K, used 249485K [0x0000000080000000, 0x0000000100000000)
  region size 1024K, 35 young (35840K), 8 survivors (8192K)
 Metaspace       used 108803K, committed 110144K, reserved 557056K
  class space    used 14998K, committed 15616K, reserved 425984K
GC Heap History (20 events):
Event: 59.591 GC heap before
{Heap before GC invocations=75 (full 0):
 garbage-first heap   total 260096K, used 225116K [0x0000000080000000, 0x0000000100000000)
  region size 1024K, 33 young (33792K), 4 survivors (4096K)
 Metaspace       used 105120K, committed 106304K, reserved 557056K
  class space    used 14620K, committed 15168K, reserved 425984K
}
Event: 59.598 GC heap after
{Heap after GC invocations=76 (full 0):
 garbage-first heap   total 260096K, used 195537K [0x0000000080000000, 0x0000000100000000)
  region size 1024K, 4 young (4096K), 4 survivors (4096K)
 Metaspace       used 105120K, committed 106304K, reserved 557056K
  class space    used 14620K, committed 15168K, reserved 425984K
}
Event: 59.841 GC heap before
{Heap before GC invocations=76 (full 0):
 garbage-first heap   total 260096K, used 222161K [0x0000000080000000, 0x0000000100000000)
  region size 1024K, 31 young (31744K), 4 survivors (4096K)
 Metaspace       used 105162K, committed 106368K, reserved 557056K
  class space    used 14622K, committed 15232K, reserved 425984K
}
Event: 59.847 GC heap after
{Heap after GC invocations=77 (full 0):
 garbage-first heap   total 260096K, used 197294K [0x0000000080000000, 0x0000000100000000)
  region size 1024K, 4 young (4096K), 4 survivors (4096K)
 Metaspace       used 105162K, committed 106368K, reserved 557056K
  class space    used 14622K, committed 15232K, reserved 425984K
}
Event: 60.241 GC heap before
{Heap before GC invocations=77 (full 0):
 garbage-first heap   total 260096K, used 221870K [0x0000000080000000, 0x0000000100000000)
  region size 1024K, 29 young (29696K), 4 survivors (4096K)
 Metaspace       used 105249K, committed 106496K, reserved 557056K
  class space    used 14628K, committed 15232K, reserved 425984K
}
Event: 60.247 GC heap after
{Heap after GC invocations=78 (full 0):
 garbage-first heap   total 260096K, used 199280K [0x0000000080000000, 0x0000000100000000)
  region size 1024K, 3 young (3072K), 3 survivors (3072K)
 Metaspace       used 105249K, committed 106496K, reserved 557056K
  class space    used 14628K, committed 15232K, reserved 425984K
}
Event: 60.464 GC heap before
{Heap before GC invocations=78 (full 0):
 garbage-first heap   total 260096K, used 226928K [0x0000000080000000, 0x0000000100000000)
  region size 1024K, 27 young (27648K), 3 survivors (3072K)
 Metaspace       used 105325K, committed 106560K, reserved 557056K
  class space    used 14640K, committed 15232K, reserved 425984K
}
Event: 60.469 GC heap after
{Heap after GC invocations=79 (full 0):
 garbage-first heap   total 260096K, used 201255K [0x0000000080000000, 0x0000000100000000)
  region size 1024K, 4 young (4096K), 4 survivors (4096K)
 Metaspace       used 105325K, committed 106560K, reserved 557056K
  class space    used 14640K, committed 15232K, reserved 425984K
}
Event: 60.606 GC heap before
{Heap before GC invocations=79 (full 0):
 garbage-first heap   total 260096K, used 228903K [0x0000000080000000, 0x0000000100000000)
  region size 1024K, 28 young (28672K), 4 survivors (4096K)
 Metaspace       used 105414K, committed 106624K, reserved 557056K
  class space    used 14651K, committed 15232K, reserved 425984K
}
Event: 60.612 GC heap after
{Heap after GC invocations=80 (full 0):
 garbage-first heap   total 312320K, used 203248K [0x0000000080000000, 0x0000000100000000)
  region size 1024K, 3 young (3072K), 3 survivors (3072K)
 Metaspace       used 105414K, committed 106624K, reserved 557056K
  class space    used 14651K, committed 15232K, reserved 425984K
}
Event: 61.023 GC heap before
{Heap before GC invocations=80 (full 0):
 garbage-first heap   total 312320K, used 262640K [0x0000000080000000, 0x0000000100000000)
  region size 1024K, 62 young (63488K), 3 survivors (3072K)
 Metaspace       used 105537K, committed 106752K, reserved 557056K
  class space    used 14670K, committed 15232K, reserved 425984K
}
Event: 61.029 GC heap after
{Heap after GC invocations=81 (full 0):
 garbage-first heap   total 312320K, used 207247K [0x0000000080000000, 0x0000000100000000)
  region size 1024K, 7 young (7168K), 7 survivors (7168K)
 Metaspace       used 105537K, committed 106752K, reserved 557056K
  class space    used 14670K, committed 15232K, reserved 425984K
}
Event: 61.308 GC heap before
{Heap before GC invocations=81 (full 0):
 garbage-first heap   total 312320K, used 267663K [0x0000000080000000, 0x0000000100000000)
  region size 1024K, 63 young (64512K), 7 survivors (7168K)
 Metaspace       used 105546K, committed 106752K, reserved 557056K
  class space    used 14671K, committed 15232K, reserved 425984K
}
Event: 61.315 GC heap after
{Heap after GC invocations=82 (full 0):
 garbage-first heap   total 312320K, used 210377K [0x0000000080000000, 0x0000000100000000)
  region size 1024K, 5 young (5120K), 5 survivors (5120K)
 Metaspace       used 105546K, committed 106752K, reserved 557056K
  class space    used 14671K, committed 15232K, reserved 425984K
}
Event: 61.920 GC heap before
{Heap before GC invocations=82 (full 0):
 garbage-first heap   total 312320K, used 274889K [0x0000000080000000, 0x0000000100000000)
  region size 1024K, 60 young (61440K), 5 survivors (5120K)
 Metaspace       used 106439K, committed 107648K, reserved 557056K
  class space    used 14721K, committed 15296K, reserved 425984K
}
Event: 61.927 GC heap after
{Heap after GC invocations=83 (full 0):
 garbage-first heap   total 312320K, used 213256K [0x0000000080000000, 0x0000000100000000)
  region size 1024K, 8 young (8192K), 8 survivors (8192K)
 Metaspace       used 106439K, committed 107648K, reserved 557056K
  class space    used 14721K, committed 15296K, reserved 425984K
}
Event: 623.579 GC heap before
{Heap before GC invocations=83 (full 0):
 garbage-first heap   total 312320K, used 266504K [0x0000000080000000, 0x0000000100000000)
  region size 1024K, 61 young (62464K), 8 survivors (8192K)
 Metaspace       used 108293K, committed 109504K, reserved 557056K
  class space    used 14961K, committed 15552K, reserved 425984K
}
Event: 623.849 GC heap after
{Heap after GC invocations=84 (full 0):
 garbage-first heap   total 312320K, used 216266K [0x0000000080000000, 0x0000000100000000)
  region size 1024K, 7 young (7168K), 7 survivors (7168K)
 Metaspace       used 108293K, committed 109504K, reserved 557056K
  class space    used 14961K, committed 15552K, reserved 425984K
}
Event: 632.245 GC heap before
{Heap before GC invocations=84 (full 0):
 garbage-first heap   total 312320K, used 268490K [0x0000000080000000, 0x0000000100000000)
  region size 1024K, 58 young (59392K), 7 survivors (7168K)
 Metaspace       used 108608K, committed 109888K, reserved 557056K
  class space    used 14978K, committed 15616K, reserved 425984K
}
Event: 632.281 GC heap after
{Heap after GC invocations=85 (full 0):
 garbage-first heap   total 312320K, used 223885K [0x0000000080000000, 0x0000000100000000)
  region size 1024K, 8 young (8192K), 8 survivors (8192K)
 Metaspace       used 108608K, committed 109888K, reserved 557056K
  class space    used 14978K, committed 15616K, reserved 425984K
}

